# JRE version: OpenJDK Runtime Environment Temurin-21.0.6+7 (21.0.6+7) (build 21.0.6+7-LTS)
# Java VM: OpenJDK 64-Bit Server VM Temurin-21.0.6+7 (21.0.6+7-LTS, mixed mode, sharing, tiered, compressed oops, compressed class ptrs, parallel gc, windows-amd64)
GC Precious Log:
 CardTable entry size: 512
 CPUs: 8 total, 8 available
 Memory: 8089M
 Large Page Support: Disabled
 NUMA Support: Disabled
 Compressed Oops: Enabled (32-bit)
 Alignments: Space 512K, Generation 512K, Heap 2M
 Heap Min Capacity: 100M
 Heap Initial Capacity: 100M
 Heap Max Capacity: 1G
 Pre-touch: Disabled
 Parallel Workers: 8
Heap:
 PSYoungGen      total 16384K, used 9779K [0x00000000eab00000, 0x00000000ec100000, 0x0000000100000000)
  eden space 12800K, 52% used [0x00000000eab00000,0x00000000eb184418,0x00000000eb780000)
  from space 3584K, 86% used [0x00000000ebd80000,0x00000000ec088a10,0x00000000ec100000)
  to   space 4096K, 0% used [0x00000000eb900000,0x00000000eb900000,0x00000000ebd00000)
 ParOldGen       total 88064K, used 87797K [0x00000000c0000000, 0x00000000c5600000, 0x00000000eab00000)
  object space 88064K, 99% used [0x00000000c0000000,0x00000000c55bd5d0,0x00000000c5600000)
 Metaspace       used 56378K, committed 57664K, reserved 1114112K
  class space    used 5889K, committed 6400K, reserved 1048576K
GC Heap History (20 events):
Event: 17.738 GC heap before
{Heap before GC invocations=39 (full 2):
 PSYoungGen      total 16384K, used 15994K [0x00000000eab00000, 0x00000000ebe00000, 0x0000000100000000)
  eden space 13824K, 100% used [0x00000000eab00000,0x00000000eb880000,0x00000000eb880000)
  from space 2560K, 84% used [0x00000000ebb80000,0x00000000ebd9e848,0x00000000ebe00000)
  to   space 2560K, 0% used [0x00000000eb900000,0x00000000eb900000,0x00000000ebb80000)
 ParOldGen       total 68608K, used 68499K [0x00000000c0000000, 0x00000000c4300000, 0x00000000eab00000)
  object space 68608K, 99% used [0x00000000c0000000,0x00000000c42e4d58,0x00000000c4300000)
 Metaspace       used 53723K, committed 54976K, reserved 1114112K
  class space    used 5654K, committed 6144K, reserved 1048576K
}
Event: 17.741 GC heap after
{Heap after GC invocations=39 (full 2):
 PSYoungGen      total 16384K, used 2551K [0x00000000eab00000, 0x00000000ec380000, 0x0000000100000000)
  eden space 13824K, 0% used [0x00000000eab00000,0x00000000eab00000,0x00000000eb880000)
  from space 2560K, 99% used [0x00000000eb900000,0x00000000ebb7dc08,0x00000000ebb80000)
  to   space 5632K, 0% used [0x00000000ebe00000,0x00000000ebe00000,0x00000000ec380000)
 ParOldGen       total 71168K, used 70691K [0x00000000c0000000, 0x00000000c4580000, 0x00000000eab00000)
  object space 71168K, 99% used [0x00000000c0000000,0x00000000c4508fa0,0x00000000c4580000)
 Metaspace       used 53723K, committed 54976K, reserved 1114112K
  class space    used 5654K, committed 6144K, reserved 1048576K
}
Event: 17.834 GC heap before
{Heap before GC invocations=40 (full 2):
 PSYoungGen      total 16384K, used 16375K [0x00000000eab00000, 0x00000000ec380000, 0x0000000100000000)
  eden space 13824K, 100% used [0x00000000eab00000,0x00000000eb880000,0x00000000eb880000)
  from space 2560K, 99% used [0x00000000eb900000,0x00000000ebb7dc08,0x00000000ebb80000)
  to   space 5632K, 0% used [0x00000000ebe00000,0x00000000ebe00000,0x00000000ec380000)
 ParOldGen       total 71168K, used 70691K [0x00000000c0000000, 0x00000000c4580000, 0x00000000eab00000)
  object space 71168K, 99% used [0x00000000c0000000,0x00000000c4508fa0,0x00000000c4580000)
 Metaspace       used 54116K, committed 55424K, reserved 1114112K
  class space    used 5683K, committed 6208K, reserved 1048576K
}
Event: 17.839 GC heap after
{Heap after GC invocations=40 (full 2):
 PSYoungGen      total 17920K, used 3737K [0x00000000eab00000, 0x00000000ec200000, 0x0000000100000000)
  eden space 13824K, 0% used [0x00000000eab00000,0x00000000eab00000,0x00000000eb880000)
  from space 4096K, 91% used [0x00000000ebe00000,0x00000000ec1a67d8,0x00000000ec200000)
  to   space 4096K, 0% used [0x00000000eba00000,0x00000000eba00000,0x00000000ebe00000)
 ParOldGen       total 73216K, used 73121K [0x00000000c0000000, 0x00000000c4780000, 0x00000000eab00000)
  object space 73216K, 99% used [0x00000000c0000000,0x00000000c47684f0,0x00000000c4780000)
 Metaspace       used 54116K, committed 55424K, reserved 1114112K
  class space    used 5683K, committed 6208K, reserved 1048576K
}
Event: 17.901 GC heap before
{Heap before GC invocations=41 (full 2):
 PSYoungGen      total 17920K, used 17561K [0x00000000eab00000, 0x00000000ec200000, 0x0000000100000000)
  eden space 13824K, 100% used [0x00000000eab00000,0x00000000eb880000,0x00000000eb880000)
  from space 4096K, 91% used [0x00000000ebe00000,0x00000000ec1a67d8,0x00000000ec200000)
  to   space 4096K, 0% used [0x00000000eba00000,0x00000000eba00000,0x00000000ebe00000)
 ParOldGen       total 73216K, used 73121K [0x00000000c0000000, 0x00000000c4780000, 0x00000000eab00000)
  object space 73216K, 99% used [0x00000000c0000000,0x00000000c47684f0,0x00000000c4780000)
 Metaspace       used 54135K, committed 55424K, reserved 1114112K
  class space    used 5683K, committed 6208K, reserved 1048576K
}
Event: 17.905 GC heap after
{Heap after GC invocations=41 (full 2):
 PSYoungGen      total 15872K, used 1852K [0x00000000eab00000, 0x00000000ebe80000, 0x0000000100000000)
  eden space 13824K, 0% used [0x00000000eab00000,0x00000000eab00000,0x00000000eb880000)
  from space 2048K, 90% used [0x00000000eba00000,0x00000000ebbcf018,0x00000000ebc00000)
  to   space 2560K, 0% used [0x00000000ebc00000,0x00000000ebc00000,0x00000000ebe80000)
 ParOldGen       total 75776K, used 75771K [0x00000000c0000000, 0x00000000c4a00000, 0x00000000eab00000)
  object space 75776K, 99% used [0x00000000c0000000,0x00000000c49fed18,0x00000000c4a00000)
 Metaspace       used 54135K, committed 55424K, reserved 1114112K
  class space    used 5683K, committed 6208K, reserved 1048576K
}
Event: 17.952 GC heap before
{Heap before GC invocations=42 (full 2):
 PSYoungGen      total 15872K, used 15676K [0x00000000eab00000, 0x00000000ebe80000, 0x0000000100000000)
  eden space 13824K, 100% used [0x00000000eab00000,0x00000000eb880000,0x00000000eb880000)
  from space 2048K, 90% used [0x00000000eba00000,0x00000000ebbcf018,0x00000000ebc00000)
  to   space 2560K, 0% used [0x00000000ebc00000,0x00000000ebc00000,0x00000000ebe80000)
 ParOldGen       total 75776K, used 75771K [0x00000000c0000000, 0x00000000c4a00000, 0x00000000eab00000)
  object space 75776K, 99% used [0x00000000c0000000,0x00000000c49fed18,0x00000000c4a00000)
 Metaspace       used 54145K, committed 55424K, reserved 1114112K
  class space    used 5683K, committed 6208K, reserved 1048576K
}
Event: 17.954 GC heap after
{Heap after GC invocations=42 (full 2):
 PSYoungGen      total 15872K, used 1865K [0x00000000eab00000, 0x00000000ebe00000, 0x0000000100000000)
  eden space 13824K, 0% used [0x00000000eab00000,0x00000000eab00000,0x00000000eb880000)
  from space 2048K, 91% used [0x00000000ebc00000,0x00000000ebdd2658,0x00000000ebe00000)
  to   space 2048K, 0% used [0x00000000eba00000,0x00000000eba00000,0x00000000ebc00000)
 ParOldGen       total 76800K, used 76618K [0x00000000c0000000, 0x00000000c4b00000, 0x00000000eab00000)
  object space 76800K, 99% used [0x00000000c0000000,0x00000000c4ad2990,0x00000000c4b00000)
 Metaspace       used 54145K, committed 55424K, reserved 1114112K
  class space    used 5683K, committed 6208K, reserved 1048576K
}
Event: 18.000 GC heap before
{Heap before GC invocations=43 (full 2):
 PSYoungGen      total 15872K, used 15689K [0x00000000eab00000, 0x00000000ebe00000, 0x0000000100000000)
  eden space 13824K, 100% used [0x00000000eab00000,0x00000000eb880000,0x00000000eb880000)
  from space 2048K, 91% used [0x00000000ebc00000,0x00000000ebdd2658,0x00000000ebe00000)
  to   space 2048K, 0% used [0x00000000eba00000,0x00000000eba00000,0x00000000ebc00000)
 ParOldGen       total 76800K, used 76618K [0x00000000c0000000, 0x00000000c4b00000, 0x00000000eab00000)
  object space 76800K, 99% used [0x00000000c0000000,0x00000000c4ad2990,0x00000000c4b00000)
 Metaspace       used 54424K, committed 55680K, reserved 1114112K
  class space    used 5700K, committed 6208K, reserved 1048576K
}
Event: 18.002 GC heap after
{Heap after GC invocations=43 (full 2):
 PSYoungGen      total 14848K, used 736K [0x00000000eab00000, 0x00000000ebc80000, 0x0000000100000000)
  eden space 13824K, 0% used [0x00000000eab00000,0x00000000eab00000,0x00000000eb880000)
  from space 1024K, 71% used [0x00000000eba00000,0x00000000ebab8000,0x00000000ebb00000)
  to   space 1536K, 0% used [0x00000000ebb00000,0x00000000ebb00000,0x00000000ebc80000)
 ParOldGen       total 77824K, used 77495K [0x00000000c0000000, 0x00000000c4c00000, 0x00000000eab00000)
  object space 77824K, 99% used [0x00000000c0000000,0x00000000c4badfb8,0x00000000c4c00000)
 Metaspace       used 54424K, committed 55680K, reserved 1114112K
  class space    used 5700K, committed 6208K, reserved 1048576K
}
Event: 18.101 GC heap before
{Heap before GC invocations=44 (full 2):
 PSYoungGen      total 14848K, used 14560K [0x00000000eab00000, 0x00000000ebc80000, 0x0000000100000000)
  eden space 13824K, 100% used [0x00000000eab00000,0x00000000eb880000,0x00000000eb880000)
  from space 1024K, 71% used [0x00000000eba00000,0x00000000ebab8000,0x00000000ebb00000)
  to   space 1536K, 0% used [0x00000000ebb00000,0x00000000ebb00000,0x00000000ebc80000)
 ParOldGen       total 77824K, used 77495K [0x00000000c0000000, 0x00000000c4c00000, 0x00000000eab00000)
  object space 77824K, 99% used [0x00000000c0000000,0x00000000c4badfb8,0x00000000c4c00000)
 Metaspace       used 55396K, committed 56768K, reserved 1114112K
  class space    used 5795K, committed 6336K, reserved 1048576K
}
Event: 18.106 GC heap after
{Heap after GC invocations=44 (full 2):
 PSYoungGen      total 14336K, used 1530K [0x00000000eab00000, 0x00000000ebf80000, 0x0000000100000000)
  eden space 12800K, 0% used [0x00000000eab00000,0x00000000eab00000,0x00000000eb780000)
  from space 1536K, 99% used [0x00000000ebb00000,0x00000000ebc7e800,0x00000000ebc80000)
  to   space 3584K, 0% used [0x00000000eb780000,0x00000000eb780000,0x00000000ebb00000)
 ParOldGen       total 78848K, used 78798K [0x00000000c0000000, 0x00000000c4d00000, 0x00000000eab00000)
  object space 78848K, 99% used [0x00000000c0000000,0x00000000c4cf3aa8,0x00000000c4d00000)
 Metaspace       used 55396K, committed 56768K, reserved 1114112K
  class space    used 5795K, committed 6336K, reserved 1048576K
}
Event: 18.258 GC heap before
{Heap before GC invocations=45 (full 2):
 PSYoungGen      total 14336K, used 14330K [0x00000000eab00000, 0x00000000ebf80000, 0x0000000100000000)
  eden space 12800K, 100% used [0x00000000eab00000,0x00000000eb780000,0x00000000eb780000)
  from space 1536K, 99% used [0x00000000ebb00000,0x00000000ebc7e800,0x00000000ebc80000)
  to   space 3584K, 0% used [0x00000000eb780000,0x00000000eb780000,0x00000000ebb00000)
 ParOldGen       total 78848K, used 78798K [0x00000000c0000000, 0x00000000c4d00000, 0x00000000eab00000)
  object space 78848K, 99% used [0x00000000c0000000,0x00000000c4cf3aa8,0x00000000c4d00000)
 Metaspace       used 55983K, committed 57280K, reserved 1114112K
  class space    used 5844K, committed 6336K, reserved 1048576K
}
Event: 18.262 GC heap after
{Heap after GC invocations=45 (full 2):
 PSYoungGen      total 15360K, used 2469K [0x00000000eab00000, 0x00000000ebd80000, 0x0000000100000000)
  eden space 12800K, 0% used [0x00000000eab00000,0x00000000eab00000,0x00000000eb780000)
  from space 2560K, 96% used [0x00000000eb780000,0x00000000eb9e97d0,0x00000000eba00000)
  to   space 3072K, 0% used [0x00000000eba80000,0x00000000eba80000,0x00000000ebd80000)
 ParOldGen       total 80384K, used 80077K [0x00000000c0000000, 0x00000000c4e80000, 0x00000000eab00000)
  object space 80384K, 99% used [0x00000000c0000000,0x00000000c4e33590,0x00000000c4e80000)
 Metaspace       used 55983K, committed 57280K, reserved 1114112K
  class space    used 5844K, committed 6336K, reserved 1048576K
}
Event: 18.396 GC heap before
{Heap before GC invocations=46 (full 2):
 PSYoungGen      total 15360K, used 15269K [0x00000000eab00000, 0x00000000ebd80000, 0x0000000100000000)
  eden space 12800K, 100% used [0x00000000eab00000,0x00000000eb780000,0x00000000eb780000)
  from space 2560K, 96% used [0x00000000eb780000,0x00000000eb9e97d0,0x00000000eba00000)
  to   space 3072K, 0% used [0x00000000eba80000,0x00000000eba80000,0x00000000ebd80000)
 ParOldGen       total 80384K, used 80077K [0x00000000c0000000, 0x00000000c4e80000, 0x00000000eab00000)
  object space 80384K, 99% used [0x00000000c0000000,0x00000000c4e33590,0x00000000c4e80000)
 Metaspace       used 56344K, committed 57664K, reserved 1114112K
  class space    used 5889K, committed 6400K, reserved 1048576K
}
Event: 18.402 GC heap after
{Heap after GC invocations=46 (full 2):
 PSYoungGen      total 15872K, used 2674K [0x00000000eab00000, 0x00000000ebd80000, 0x0000000100000000)
  eden space 12800K, 0% used [0x00000000eab00000,0x00000000eab00000,0x00000000eb780000)
  from space 3072K, 87% used [0x00000000eba80000,0x00000000ebd1cb00,0x00000000ebd80000)
  to   space 3072K, 0% used [0x00000000eb780000,0x00000000eb780000,0x00000000eba80000)
 ParOldGen       total 82432K, used 82397K [0x00000000c0000000, 0x00000000c5080000, 0x00000000eab00000)
  object space 82432K, 99% used [0x00000000c0000000,0x00000000c50774e0,0x00000000c5080000)
 Metaspace       used 56344K, committed 57664K, reserved 1114112K
  class space    used 5889K, committed 6400K, reserved 1048576K
}
Event: 18.527 GC heap before
{Heap before GC invocations=47 (full 2):
 PSYoungGen      total 15872K, used 15474K [0x00000000eab00000, 0x00000000ebd80000, 0x0000000100000000)
  eden space 12800K, 100% used [0x00000000eab00000,0x00000000eb780000,0x00000000eb780000)
  from space 3072K, 87% used [0x00000000eba80000,0x00000000ebd1cb00,0x00000000ebd80000)
  to   space 3072K, 0% used [0x00000000eb780000,0x00000000eb780000,0x00000000eba80000)
 ParOldGen       total 82432K, used 82397K [0x00000000c0000000, 0x00000000c5080000, 0x00000000eab00000)
  object space 82432K, 99% used [0x00000000c0000000,0x00000000c50774e0,0x00000000c5080000)
 Metaspace       used 56378K, committed 57664K, reserved 1114112K
  class space    used 5889K, committed 6400K, reserved 1048576K
}
Event: 18.533 GC heap after
{Heap after GC invocations=47 (full 2):
 PSYoungGen      total 15872K, used 3069K [0x00000000eab00000, 0x00000000ec380000, 0x0000000100000000)
  eden space 12800K, 0% used [0x00000000eab00000,0x00000000eab00000,0x00000000eb780000)
  from space 3072K, 99% used [0x00000000eb780000,0x00000000eba7f640,0x00000000eba80000)
  to   space 6144K, 0% used [0x00000000ebd80000,0x00000000ebd80000,0x00000000ec380000)
 ParOldGen       total 84992K, used 84939K [0x00000000c0000000, 0x00000000c5300000, 0x00000000eab00000)
  object space 84992K, 99% used [0x00000000c0000000,0x00000000c52f2c38,0x00000000c5300000)
 Metaspace       used 56378K, committed 57664K, reserved 1114112K
  class space    used 5889K, committed 6400K, reserved 1048576K
}
Event: 18.691 GC heap before
{Heap before GC invocations=48 (full 2):
 PSYoungGen      total 15872K, used 15869K [0x00000000eab00000, 0x00000000ec380000, 0x0000000100000000)
  eden space 12800K, 100% used [0x00000000eab00000,0x00000000eb780000,0x00000000eb780000)
  from space 3072K, 99% used [0x00000000eb780000,0x00000000eba7f640,0x00000000eba80000)
  to   space 6144K, 0% used [0x00000000ebd80000,0x00000000ebd80000,0x00000000ec380000)
 ParOldGen       total 84992K, used 84939K [0x00000000c0000000, 0x00000000c5300000, 0x00000000eab00000)
  object space 84992K, 99% used [0x00000000c0000000,0x00000000c52f2c38,0x00000000c5300000)
 Metaspace       used 56378K, committed 57664K, reserved 1114112K
  class space    used 5889K, committed 6400K, reserved 1048576K
}
Event: 18.698 GC heap after
{Heap after GC invocations=48 (full 2):
 PSYoungGen      total 16384K, used 3106K [0x00000000eab00000, 0x00000000ec100000, 0x0000000100000000)
  eden space 12800K, 0% used [0x00000000eab00000,0x00000000eab00000,0x00000000eb780000)
  from space 3584K, 86% used [0x00000000ebd80000,0x00000000ec088a10,0x00000000ec100000)
  to   space 4096K, 0% used [0x00000000eb900000,0x00000000eb900000,0x00000000ebd00000)
 ParOldGen       total 88064K, used 87797K [0x00000000c0000000, 0x00000000c5600000, 0x00000000eab00000)
  object space 88064K, 99% used [0x00000000c0000000,0x00000000c55bd5d0,0x00000000c5600000)
 Metaspace       used 56378K, committed 57664K, reserved 1114112K
  class space    used 5889K, committed 6400K, reserved 1048576K
}

