# JRE version: OpenJDK Runtime Environment Temurin-21.0.6+7 (21.0.6+7) (build 21.0.6+7-LTS)
# Java VM: OpenJDK 64-Bit Server VM Temurin-21.0.6+7 (21.0.6+7-LTS, mixed mode, sharing, tiered, compressed oops, compressed class ptrs, parallel gc, windows-amd64)
GC Precious Log:
 CardTable entry size: 512
 CPUs: 8 total, 8 available
 Memory: 8089M
 Large Page Support: Disabled
 NUMA Support: Disabled
 Compressed Oops: Enabled (32-bit)
 Alignments: Space 512K, Generation 512K, Heap 2M
 Heap Min Capacity: 100M
 Heap Initial Capacity: 100M
 Heap Max Capacity: 1G
 Pre-touch: Disabled
 Parallel Workers: 8
Heap:
 PSYoungGen      total 3072K, used 1208K [0x00000000eab00000, 0x00000000eaf00000, 0x0000000100000000)
  eden space 2560K, 37% used [0x00000000eab00000,0x00000000eabee3c0,0x00000000ead80000)
  from space 512K, 50% used [0x00000000eae00000,0x00000000eae40000,0x00000000eae80000)
  to   space 512K, 0% used [0x00000000eae80000,0x00000000eae80000,0x00000000eaf00000)
 ParOldGen       total 251392K, used 239893K [0x00000000c0000000, 0x00000000cf580000, 0x00000000eab00000)
  object space 251392K, 95% used [0x00000000c0000000,0x00000000cea45670,0x00000000cf580000)
 Metaspace       used 72704K, committed 74240K, reserved 1179648K
  class space    used 7455K, committed 8128K, reserved 1048576K
GC Heap History (20 events):
Event: 104.202 GC heap before
{Heap before GC invocations=568 (full 4):
 PSYoungGen      total 1536K, used 1523K [0x00000000eab00000, 0x00000000eb200000, 0x0000000100000000)
  eden space 512K, 100% used [0x00000000eab00000,0x00000000eab80000,0x00000000eab80000)
  from space 1024K, 98% used [0x00000000ead80000,0x00000000eae7cd60,0x00000000eae80000)
  to   space 2048K, 0% used [0x00000000eab80000,0x00000000eab80000,0x00000000ead80000)
 ParOldGen       total 251392K, used 234616K [0x00000000c0000000, 0x00000000cf580000, 0x00000000eab00000)
  object space 251392K, 93% used [0x00000000c0000000,0x00000000ce51e1e0,0x00000000cf580000)
 Metaspace       used 72500K, committed 74048K, reserved 1179648K
  class space    used 7455K, committed 8128K, reserved 1048576K
}
Event: 104.204 GC heap after
{Heap after GC invocations=568 (full 4):
 PSYoungGen      total 2560K, used 576K [0x00000000eab00000, 0x00000000eaf00000, 0x0000000100000000)
  eden space 512K, 0% used [0x00000000eab00000,0x00000000eab00000,0x00000000eab80000)
  from space 2048K, 28% used [0x00000000eab80000,0x00000000eac10000,0x00000000ead80000)
  to   space 1536K, 0% used [0x00000000ead80000,0x00000000ead80000,0x00000000eaf00000)
 ParOldGen       total 251392K, used 235651K [0x00000000c0000000, 0x00000000cf580000, 0x00000000eab00000)
  object space 251392K, 93% used [0x00000000c0000000,0x00000000ce620f40,0x00000000cf580000)
 Metaspace       used 72500K, committed 74048K, reserved 1179648K
  class space    used 7455K, committed 8128K, reserved 1048576K
}
Event: 104.205 GC heap before
{Heap before GC invocations=569 (full 4):
 PSYoungGen      total 2560K, used 1087K [0x00000000eab00000, 0x00000000eaf00000, 0x0000000100000000)
  eden space 512K, 99% used [0x00000000eab00000,0x00000000eab7ffe0,0x00000000eab80000)
  from space 2048K, 28% used [0x00000000eab80000,0x00000000eac10000,0x00000000ead80000)
  to   space 1536K, 0% used [0x00000000ead80000,0x00000000ead80000,0x00000000eaf00000)
 ParOldGen       total 251392K, used 235651K [0x00000000c0000000, 0x00000000cf580000, 0x00000000eab00000)
  object space 251392K, 93% used [0x00000000c0000000,0x00000000ce620f40,0x00000000cf580000)
 Metaspace       used 72500K, committed 74048K, reserved 1179648K
  class space    used 7455K, committed 8128K, reserved 1048576K
}
Event: 104.206 GC heap after
{Heap after GC invocations=569 (full 4):
 PSYoungGen      total 2048K, used 576K [0x00000000eab00000, 0x00000000eae80000, 0x0000000100000000)
  eden space 1024K, 0% used [0x00000000eab00000,0x00000000eab00000,0x00000000eac00000)
  from space 1024K, 56% used [0x00000000ead80000,0x00000000eae10000,0x00000000eae80000)
  to   space 1024K, 0% used [0x00000000eac80000,0x00000000eac80000,0x00000000ead80000)
 ParOldGen       total 251392K, used 236163K [0x00000000c0000000, 0x00000000cf580000, 0x00000000eab00000)
  object space 251392K, 93% used [0x00000000c0000000,0x00000000ce6a0f40,0x00000000cf580000)
 Metaspace       used 72500K, committed 74048K, reserved 1179648K
  class space    used 7455K, committed 8128K, reserved 1048576K
}
Event: 104.209 GC heap before
{Heap before GC invocations=570 (full 4):
 PSYoungGen      total 2048K, used 1600K [0x00000000eab00000, 0x00000000eae80000, 0x0000000100000000)
  eden space 1024K, 100% used [0x00000000eab00000,0x00000000eac00000,0x00000000eac00000)
  from space 1024K, 56% used [0x00000000ead80000,0x00000000eae10000,0x00000000eae80000)
  to   space 1024K, 0% used [0x00000000eac80000,0x00000000eac80000,0x00000000ead80000)
 ParOldGen       total 251392K, used 236163K [0x00000000c0000000, 0x00000000cf580000, 0x00000000eab00000)
  object space 251392K, 93% used [0x00000000c0000000,0x00000000ce6a0f40,0x00000000cf580000)
 Metaspace       used 72500K, committed 74048K, reserved 1179648K
  class space    used 7455K, committed 8128K, reserved 1048576K
}
Event: 104.211 GC heap after
{Heap after GC invocations=570 (full 4):
 PSYoungGen      total 2560K, used 1024K [0x00000000eab00000, 0x00000000eb080000, 0x0000000100000000)
  eden space 1536K, 0% used [0x00000000eab00000,0x00000000eab00000,0x00000000eac80000)
  from space 1024K, 100% used [0x00000000eac80000,0x00000000ead80000,0x00000000ead80000)
  to   space 2048K, 0% used [0x00000000eae80000,0x00000000eae80000,0x00000000eb080000)
 ParOldGen       total 251392K, used 236723K [0x00000000c0000000, 0x00000000cf580000, 0x00000000eab00000)
  object space 251392K, 94% used [0x00000000c0000000,0x00000000ce72cf40,0x00000000cf580000)
 Metaspace       used 72500K, committed 74048K, reserved 1179648K
  class space    used 7455K, committed 8128K, reserved 1048576K
}
Event: 104.216 GC heap before
{Heap before GC invocations=571 (full 4):
 PSYoungGen      total 2560K, used 2560K [0x00000000eab00000, 0x00000000eb080000, 0x0000000100000000)
  eden space 1536K, 100% used [0x00000000eab00000,0x00000000eac80000,0x00000000eac80000)
  from space 1024K, 100% used [0x00000000eac80000,0x00000000ead80000,0x00000000ead80000)
  to   space 2048K, 0% used [0x00000000eae80000,0x00000000eae80000,0x00000000eb080000)
 ParOldGen       total 251392K, used 236723K [0x00000000c0000000, 0x00000000cf580000, 0x00000000eab00000)
  object space 251392K, 94% used [0x00000000c0000000,0x00000000ce72cf40,0x00000000cf580000)
 Metaspace       used 72500K, committed 74048K, reserved 1179648K
  class space    used 7455K, committed 8128K, reserved 1048576K
}
Event: 104.218 GC heap after
{Heap after GC invocations=571 (full 4):
 PSYoungGen      total 3584K, used 1296K [0x00000000eab00000, 0x00000000eb000000, 0x0000000100000000)
  eden space 2048K, 0% used [0x00000000eab00000,0x00000000eab00000,0x00000000ead00000)
  from space 1536K, 84% used [0x00000000eae80000,0x00000000eafc4000,0x00000000eb000000)
  to   space 1536K, 0% used [0x00000000ead00000,0x00000000ead00000,0x00000000eae80000)
 ParOldGen       total 251392K, used 237731K [0x00000000c0000000, 0x00000000cf580000, 0x00000000eab00000)
  object space 251392K, 94% used [0x00000000c0000000,0x00000000ce828f40,0x00000000cf580000)
 Metaspace       used 72500K, committed 74048K, reserved 1179648K
  class space    used 7455K, committed 8128K, reserved 1048576K
}
Event: 104.247 GC heap before
{Heap before GC invocations=572 (full 4):
 PSYoungGen      total 3584K, used 3344K [0x00000000eab00000, 0x00000000eb000000, 0x0000000100000000)
  eden space 2048K, 100% used [0x00000000eab00000,0x00000000ead00000,0x00000000ead00000)
  from space 1536K, 84% used [0x00000000eae80000,0x00000000eafc4000,0x00000000eb000000)
  to   space 1536K, 0% used [0x00000000ead00000,0x00000000ead00000,0x00000000eae80000)
 ParOldGen       total 251392K, used 237731K [0x00000000c0000000, 0x00000000cf580000, 0x00000000eab00000)
  object space 251392K, 94% used [0x00000000c0000000,0x00000000ce828f40,0x00000000cf580000)
 Metaspace       used 72516K, committed 74048K, reserved 1179648K
  class space    used 7455K, committed 8128K, reserved 1048576K
}
Event: 104.249 GC heap after
{Heap after GC invocations=572 (full 4):
 PSYoungGen      total 3584K, used 704K [0x00000000eab00000, 0x00000000eaf80000, 0x0000000100000000)
  eden space 2048K, 0% used [0x00000000eab00000,0x00000000eab00000,0x00000000ead00000)
  from space 1536K, 45% used [0x00000000ead00000,0x00000000eadb0000,0x00000000eae80000)
  to   space 1024K, 0% used [0x00000000eae80000,0x00000000eae80000,0x00000000eaf80000)
 ParOldGen       total 251392K, used 238947K [0x00000000c0000000, 0x00000000cf580000, 0x00000000eab00000)
  object space 251392K, 95% used [0x00000000c0000000,0x00000000ce958f40,0x00000000cf580000)
 Metaspace       used 72516K, committed 74048K, reserved 1179648K
  class space    used 7455K, committed 8128K, reserved 1048576K
}
Event: 104.419 GC heap before
{Heap before GC invocations=573 (full 4):
 PSYoungGen      total 3584K, used 2752K [0x00000000eab00000, 0x00000000eaf80000, 0x0000000100000000)
  eden space 2048K, 100% used [0x00000000eab00000,0x00000000ead00000,0x00000000ead00000)
  from space 1536K, 45% used [0x00000000ead00000,0x00000000eadb0000,0x00000000eae80000)
  to   space 1024K, 0% used [0x00000000eae80000,0x00000000eae80000,0x00000000eaf80000)
 ParOldGen       total 251392K, used 238947K [0x00000000c0000000, 0x00000000cf580000, 0x00000000eab00000)
  object space 251392K, 95% used [0x00000000c0000000,0x00000000ce958f40,0x00000000cf580000)
 Metaspace       used 72519K, committed 74048K, reserved 1179648K
  class space    used 7455K, committed 8128K, reserved 1048576K
}
Event: 104.420 GC heap after
{Heap after GC invocations=573 (full 4):
 PSYoungGen      total 3072K, used 224K [0x00000000eab00000, 0x00000000eaf00000, 0x0000000100000000)
  eden space 2560K, 0% used [0x00000000eab00000,0x00000000eab00000,0x00000000ead80000)
  from space 512K, 43% used [0x00000000eae80000,0x00000000eaeb8000,0x00000000eaf00000)
  to   space 512K, 0% used [0x00000000eae00000,0x00000000eae00000,0x00000000eae80000)
 ParOldGen       total 251392K, used 239155K [0x00000000c0000000, 0x00000000cf580000, 0x00000000eab00000)
  object space 251392K, 95% used [0x00000000c0000000,0x00000000ce98cf40,0x00000000cf580000)
 Metaspace       used 72519K, committed 74048K, reserved 1179648K
  class space    used 7455K, committed 8128K, reserved 1048576K
}
Event: 104.634 GC heap before
{Heap before GC invocations=574 (full 4):
 PSYoungGen      total 3072K, used 2784K [0x00000000eab00000, 0x00000000eaf00000, 0x0000000100000000)
  eden space 2560K, 100% used [0x00000000eab00000,0x00000000ead80000,0x00000000ead80000)
  from space 512K, 43% used [0x00000000eae80000,0x00000000eaeb8000,0x00000000eaf00000)
  to   space 512K, 0% used [0x00000000eae00000,0x00000000eae00000,0x00000000eae80000)
 ParOldGen       total 251392K, used 239155K [0x00000000c0000000, 0x00000000cf580000, 0x00000000eab00000)
  object space 251392K, 95% used [0x00000000c0000000,0x00000000ce98cf40,0x00000000cf580000)
 Metaspace       used 72550K, committed 74048K, reserved 1179648K
  class space    used 7455K, committed 8128K, reserved 1048576K
}
Event: 104.635 GC heap after
{Heap after GC invocations=574 (full 4):
 PSYoungGen      total 3072K, used 320K [0x00000000eab00000, 0x00000000eaf00000, 0x0000000100000000)
  eden space 2560K, 0% used [0x00000000eab00000,0x00000000eab00000,0x00000000ead80000)
  from space 512K, 62% used [0x00000000eae00000,0x00000000eae50020,0x00000000eae80000)
  to   space 512K, 0% used [0x00000000eae80000,0x00000000eae80000,0x00000000eaf00000)
 ParOldGen       total 251392K, used 239195K [0x00000000c0000000, 0x00000000cf580000, 0x00000000eab00000)
  object space 251392K, 95% used [0x00000000c0000000,0x00000000ce996f40,0x00000000cf580000)
 Metaspace       used 72550K, committed 74048K, reserved 1179648K
  class space    used 7455K, committed 8128K, reserved 1048576K
}
Event: 104.758 GC heap before
{Heap before GC invocations=575 (full 4):
 PSYoungGen      total 3072K, used 2880K [0x00000000eab00000, 0x00000000eaf00000, 0x0000000100000000)
  eden space 2560K, 100% used [0x00000000eab00000,0x00000000ead80000,0x00000000ead80000)
  from space 512K, 62% used [0x00000000eae00000,0x00000000eae50020,0x00000000eae80000)
  to   space 512K, 0% used [0x00000000eae80000,0x00000000eae80000,0x00000000eaf00000)
 ParOldGen       total 251392K, used 239195K [0x00000000c0000000, 0x00000000cf580000, 0x00000000eab00000)
  object space 251392K, 95% used [0x00000000c0000000,0x00000000ce996f40,0x00000000cf580000)
 Metaspace       used 72572K, committed 74112K, reserved 1179648K
  class space    used 7455K, committed 8128K, reserved 1048576K
}
Event: 104.759 GC heap after
{Heap after GC invocations=575 (full 4):
 PSYoungGen      total 3072K, used 224K [0x00000000eab00000, 0x00000000eaf00000, 0x0000000100000000)
  eden space 2560K, 0% used [0x00000000eab00000,0x00000000eab00000,0x00000000ead80000)
  from space 512K, 43% used [0x00000000eae80000,0x00000000eaeb8000,0x00000000eaf00000)
  to   space 512K, 0% used [0x00000000eae00000,0x00000000eae00000,0x00000000eae80000)
 ParOldGen       total 251392K, used 239307K [0x00000000c0000000, 0x00000000cf580000, 0x00000000eab00000)
  object space 251392K, 95% used [0x00000000c0000000,0x00000000ce9b2f60,0x00000000cf580000)
 Metaspace       used 72572K, committed 74112K, reserved 1179648K
  class space    used 7455K, committed 8128K, reserved 1048576K
}
Event: 104.809 GC heap before
{Heap before GC invocations=576 (full 4):
 PSYoungGen      total 3072K, used 2784K [0x00000000eab00000, 0x00000000eaf00000, 0x0000000100000000)
  eden space 2560K, 100% used [0x00000000eab00000,0x00000000ead80000,0x00000000ead80000)
  from space 512K, 43% used [0x00000000eae80000,0x00000000eaeb8000,0x00000000eaf00000)
  to   space 512K, 0% used [0x00000000eae00000,0x00000000eae00000,0x00000000eae80000)
 ParOldGen       total 251392K, used 239307K [0x00000000c0000000, 0x00000000cf580000, 0x00000000eab00000)
  object space 251392K, 95% used [0x00000000c0000000,0x00000000ce9b2f60,0x00000000cf580000)
 Metaspace       used 72600K, committed 74112K, reserved 1179648K
  class space    used 7455K, committed 8128K, reserved 1048576K
}
Event: 104.811 GC heap after
{Heap after GC invocations=576 (full 4):
 PSYoungGen      total 3072K, used 496K [0x00000000eab00000, 0x00000000eaf80000, 0x0000000100000000)
  eden space 2560K, 0% used [0x00000000eab00000,0x00000000eab00000,0x00000000ead80000)
  from space 512K, 96% used [0x00000000eae00000,0x00000000eae7c010,0x00000000eae80000)
  to   space 1024K, 0% used [0x00000000eae80000,0x00000000eae80000,0x00000000eaf80000)
 ParOldGen       total 251392K, used 239384K [0x00000000c0000000, 0x00000000cf580000, 0x00000000eab00000)
  object space 251392K, 95% used [0x00000000c0000000,0x00000000ce9c61e0,0x00000000cf580000)
 Metaspace       used 72600K, committed 74112K, reserved 1179648K
  class space    used 7455K, committed 8128K, reserved 1048576K
}
Event: 105.014 GC heap before
{Heap before GC invocations=577 (full 4):
 PSYoungGen      total 3072K, used 3056K [0x00000000eab00000, 0x00000000eaf80000, 0x0000000100000000)
  eden space 2560K, 100% used [0x00000000eab00000,0x00000000ead80000,0x00000000ead80000)
  from space 512K, 96% used [0x00000000eae00000,0x00000000eae7c010,0x00000000eae80000)
  to   space 1024K, 0% used [0x00000000eae80000,0x00000000eae80000,0x00000000eaf80000)
 ParOldGen       total 251392K, used 239384K [0x00000000c0000000, 0x00000000cf580000, 0x00000000eab00000)
  object space 251392K, 95% used [0x00000000c0000000,0x00000000ce9c61e0,0x00000000cf580000)
 Metaspace       used 72647K, committed 74176K, reserved 1179648K
  class space    used 7455K, committed 8128K, reserved 1048576K
}
Event: 105.015 GC heap after
{Heap after GC invocations=577 (full 4):
 PSYoungGen      total 3072K, used 256K [0x00000000eab00000, 0x00000000eaf00000, 0x0000000100000000)
  eden space 2560K, 0% used [0x00000000eab00000,0x00000000eab00000,0x00000000ead80000)
  from space 512K, 50% used [0x00000000eae80000,0x00000000eaec0000,0x00000000eaf00000)
  to   space 512K, 0% used [0x00000000eae00000,0x00000000eae00000,0x00000000eae80000)
 ParOldGen       total 251392K, used 239845K [0x00000000c0000000, 0x00000000cf580000, 0x00000000eab00000)
  object space 251392K, 95% used [0x00000000c0000000,0x00000000cea39670,0x00000000cf580000)
 Metaspace       used 72647K, committed 74176K, reserved 1179648K
  class space    used 7455K, committed 8128K, reserved 1048576K
}

